<?xml version="1.0" encoding="UTF-8"?>
<testng-results ignored="0" total="10" passed="10" failed="0" skipped="0">
  <reporter-output>
  </reporter-output>
  <suite started-at="2023-06-18T13:11:12 EDT" name="Parallel Test Suite" finished-at="2023-06-18T13:13:43 EDT" duration-ms="150173">
    <groups>
    </groups>
    <test started-at="2023-06-18T13:11:12 EDT" name="C:/Users/anoop/IdeaProjects/QAGURU/TutorialsNinjaProject" finished-at="2023-06-18T13:13:43 EDT" duration-ms="150173">
      <class name="com.tutorialsninja.testcases.SearchTests">
        <test-method is-config="true" signature="openBrowserWithUrl()[pri:0, instance:com.tutorialsninja.testcases.SearchTests@595b007d]" started-at="2023-06-18T13:13:34 EDT" name="openBrowserWithUrl" finished-at="2023-06-18T13:13:37 EDT" duration-ms="3283" status="PASS">
          <reporter-output>
          </reporter-output>
        </test-method> <!-- openBrowserWithUrl -->
        <test-method signature="searchWithValidProduct()[pri:1, instance:com.tutorialsninja.testcases.SearchTests@595b007d]" started-at="2023-06-18T13:13:37 EDT" name="searchWithValidProduct" finished-at="2023-06-18T13:13:38 EDT" duration-ms="866" status="PASS">
          <reporter-output>
          </reporter-output>
        </test-method> <!-- searchWithValidProduct -->
        <test-method is-config="true" signature="teardown()[pri:0, instance:com.tutorialsninja.testcases.SearchTests@595b007d]" started-at="2023-06-18T13:13:38 EDT" name="teardown" finished-at="2023-06-18T13:13:38 EDT" duration-ms="117" status="PASS">
          <reporter-output>
          </reporter-output>
        </test-method> <!-- teardown -->
        <test-method is-config="true" signature="openBrowserWithUrl()[pri:0, instance:com.tutorialsninja.testcases.SearchTests@595b007d]" started-at="2023-06-18T13:13:38 EDT" name="openBrowserWithUrl" finished-at="2023-06-18T13:13:42 EDT" duration-ms="3581" status="PASS">
          <reporter-output>
          </reporter-output>
        </test-method> <!-- openBrowserWithUrl -->
        <test-method signature="searchWithInvalidProduct()[pri:2, instance:com.tutorialsninja.testcases.SearchTests@595b007d]" started-at="2023-06-18T13:13:42 EDT" name="searchWithInvalidProduct" finished-at="2023-06-18T13:13:42 EDT" duration-ms="468" status="PASS">
          <reporter-output>
          </reporter-output>
        </test-method> <!-- searchWithInvalidProduct -->
        <test-method is-config="true" signature="teardown()[pri:0, instance:com.tutorialsninja.testcases.SearchTests@595b007d]" started-at="2023-06-18T13:13:42 EDT" name="teardown" finished-at="2023-06-18T13:13:43 EDT" duration-ms="134" status="PASS">
          <reporter-output>
          </reporter-output>
        </test-method> <!-- teardown -->
      </class> <!-- com.tutorialsninja.testcases.SearchTests -->
      <class name="com.tutorialsninja.testcases.LoginTests">
        <test-method is-config="true" signature="openBrowserWithUrl()[pri:0, instance:com.tutorialsninja.testcases.LoginTests@5158b42f]" started-at="2023-06-18T13:11:25 EDT" name="openBrowserWithUrl" finished-at="2023-06-18T13:11:29 EDT" duration-ms="3686" status="PASS">
          <reporter-output>
          </reporter-output>
        </test-method> <!-- openBrowserWithUrl -->
        <test-method signature="verifyloginWithValidCredentials([Ljava.lang.String;)[pri:1, instance:com.tutorialsninja.testcases.LoginTests@5158b42f]" started-at="2023-06-18T13:11:29 EDT" name="verifyloginWithValidCredentials" data-provider="Valid LogIn Data" finished-at="2023-06-18T13:11:31 EDT" duration-ms="1592" status="PASS">
          <params>
            <param index="0">
              <value>
                <![CDATA[[Ljava.lang.String;@ea7a4c3]]>
              </value>
            </param>
          </params>
          <reporter-output>
          </reporter-output>
        </test-method> <!-- verifyloginWithValidCredentials -->
        <test-method is-config="true" signature="teardown()[pri:0, instance:com.tutorialsninja.testcases.LoginTests@5158b42f]" started-at="2023-06-18T13:11:31 EDT" name="teardown" finished-at="2023-06-18T13:11:31 EDT" duration-ms="123" status="PASS">
          <reporter-output>
          </reporter-output>
        </test-method> <!-- teardown -->
        <test-method is-config="true" signature="openBrowserWithUrl()[pri:0, instance:com.tutorialsninja.testcases.LoginTests@5158b42f]" started-at="2023-06-18T13:11:31 EDT" name="openBrowserWithUrl" finished-at="2023-06-18T13:11:34 EDT" duration-ms="3198" status="PASS">
          <reporter-output>
          </reporter-output>
        </test-method> <!-- openBrowserWithUrl -->
        <test-method signature="verifyloginWithValidCredentials([Ljava.lang.String;)[pri:1, instance:com.tutorialsninja.testcases.LoginTests@5158b42f]" started-at="2023-06-18T13:11:34 EDT" name="verifyloginWithValidCredentials" data-provider="Valid LogIn Data" finished-at="2023-06-18T13:11:35 EDT" duration-ms="1186" status="PASS">
          <params>
            <param index="0">
              <value>
                <![CDATA[[Ljava.lang.String;@601eb4af]]>
              </value>
            </param>
          </params>
          <reporter-output>
          </reporter-output>
        </test-method> <!-- verifyloginWithValidCredentials -->
        <test-method is-config="true" signature="teardown()[pri:0, instance:com.tutorialsninja.testcases.LoginTests@5158b42f]" started-at="2023-06-18T13:11:35 EDT" name="teardown" finished-at="2023-06-18T13:11:35 EDT" duration-ms="126" status="PASS">
          <reporter-output>
          </reporter-output>
        </test-method> <!-- teardown -->
        <test-method is-config="true" signature="openBrowserWithUrl()[pri:0, instance:com.tutorialsninja.testcases.LoginTests@5158b42f]" started-at="2023-06-18T13:11:35 EDT" name="openBrowserWithUrl" finished-at="2023-06-18T13:11:39 EDT" duration-ms="3531" status="PASS">
          <reporter-output>
          </reporter-output>
        </test-method> <!-- openBrowserWithUrl -->
        <test-method signature="verifyloginWithInvalidCredentials()[pri:2, instance:com.tutorialsninja.testcases.LoginTests@5158b42f]" started-at="2023-06-18T13:11:39 EDT" name="verifyloginWithInvalidCredentials" finished-at="2023-06-18T13:11:40 EDT" duration-ms="1281" status="PASS">
          <reporter-output>
          </reporter-output>
        </test-method> <!-- verifyloginWithInvalidCredentials -->
        <test-method is-config="true" signature="teardown()[pri:0, instance:com.tutorialsninja.testcases.LoginTests@5158b42f]" started-at="2023-06-18T13:11:40 EDT" name="teardown" finished-at="2023-06-18T13:11:40 EDT" duration-ms="126" status="PASS">
          <reporter-output>
          </reporter-output>
        </test-method> <!-- teardown -->
        <test-method is-config="true" signature="openBrowserWithUrl()[pri:0, instance:com.tutorialsninja.testcases.LoginTests@5158b42f]" started-at="2023-06-18T13:11:40 EDT" name="openBrowserWithUrl" finished-at="2023-06-18T13:11:43 EDT" duration-ms="3198" status="PASS">
          <reporter-output>
          </reporter-output>
        </test-method> <!-- openBrowserWithUrl -->
        <test-method signature="verifyloginWithInvalidEmailAndValidPassword()[pri:3, instance:com.tutorialsninja.testcases.LoginTests@5158b42f]" started-at="2023-06-18T13:11:43 EDT" name="verifyloginWithInvalidEmailAndValidPassword" finished-at="2023-06-18T13:11:44 EDT" duration-ms="946" status="PASS">
          <reporter-output>
          </reporter-output>
        </test-method> <!-- verifyloginWithInvalidEmailAndValidPassword -->
        <test-method is-config="true" signature="teardown()[pri:0, instance:com.tutorialsninja.testcases.LoginTests@5158b42f]" started-at="2023-06-18T13:11:44 EDT" name="teardown" finished-at="2023-06-18T13:11:44 EDT" duration-ms="127" status="PASS">
          <reporter-output>
          </reporter-output>
        </test-method> <!-- teardown -->
        <test-method is-config="true" signature="openBrowserWithUrl()[pri:0, instance:com.tutorialsninja.testcases.LoginTests@5158b42f]" started-at="2023-06-18T13:11:44 EDT" name="openBrowserWithUrl" finished-at="2023-06-18T13:11:48 EDT" duration-ms="3234" status="PASS">
          <reporter-output>
          </reporter-output>
        </test-method> <!-- openBrowserWithUrl -->
        <test-method signature="verifyloginWithValidEmailAndInvalidPassword()[pri:4, instance:com.tutorialsninja.testcases.LoginTests@5158b42f]" started-at="2023-06-18T13:11:48 EDT" name="verifyloginWithValidEmailAndInvalidPassword" finished-at="2023-06-18T13:11:49 EDT" duration-ms="1170" status="PASS">
          <reporter-output>
          </reporter-output>
        </test-method> <!-- verifyloginWithValidEmailAndInvalidPassword -->
        <test-method is-config="true" signature="teardown()[pri:0, instance:com.tutorialsninja.testcases.LoginTests@5158b42f]" started-at="2023-06-18T13:11:49 EDT" name="teardown" finished-at="2023-06-18T13:11:49 EDT" duration-ms="117" status="PASS">
          <reporter-output>
          </reporter-output>
        </test-method> <!-- teardown -->
        <test-method is-config="true" signature="openBrowserWithUrl()[pri:0, instance:com.tutorialsninja.testcases.LoginTests@5158b42f]" started-at="2023-06-18T13:11:49 EDT" name="openBrowserWithUrl" finished-at="2023-06-18T13:13:33 EDT" duration-ms="104164" status="PASS">
          <reporter-output>
          </reporter-output>
        </test-method> <!-- openBrowserWithUrl -->
        <test-method signature="verifyLoginWithoutProvidingCredentials()[pri:5, instance:com.tutorialsninja.testcases.LoginTests@5158b42f]" started-at="2023-06-18T13:13:33 EDT" name="verifyLoginWithoutProvidingCredentials" finished-at="2023-06-18T13:13:34 EDT" duration-ms="807" status="PASS">
          <reporter-output>
          </reporter-output>
        </test-method> <!-- verifyLoginWithoutProvidingCredentials -->
        <test-method is-config="true" signature="teardown()[pri:0, instance:com.tutorialsninja.testcases.LoginTests@5158b42f]" started-at="2023-06-18T13:13:34 EDT" name="teardown" finished-at="2023-06-18T13:13:34 EDT" duration-ms="175" status="PASS">
          <reporter-output>
          </reporter-output>
        </test-method> <!-- teardown -->
      </class> <!-- com.tutorialsninja.testcases.LoginTests -->
      <class name="com.tutorialsninja.testcases.RegisterTests">
        <test-method is-config="true" signature="loadPropertiesFile()[pri:0, instance:com.tutorialsninja.testcases.RegisterTests@37afeb11]" started-at="2023-06-18T13:11:12 EDT" name="loadPropertiesFile" finished-at="2023-06-18T13:11:12 EDT" duration-ms="12" status="PASS">
          <reporter-output>
          </reporter-output>
        </test-method> <!-- loadPropertiesFile -->
        <test-method is-config="true" signature="openBrowserWithUrl()[pri:0, instance:com.tutorialsninja.testcases.RegisterTests@37afeb11]" started-at="2023-06-18T13:11:13 EDT" name="openBrowserWithUrl" finished-at="2023-06-18T13:11:17 EDT" duration-ms="3935" status="PASS">
          <reporter-output>
          </reporter-output>
        </test-method> <!-- openBrowserWithUrl -->
        <test-method signature="registeringAnAccountWithMandatoryFields(java.util.HashMap)[pri:1, instance:com.tutorialsninja.testcases.RegisterTests@37afeb11]" started-at="2023-06-18T13:11:17 EDT" name="registeringAnAccountWithMandatoryFields" data-provider="Register Data" finished-at="2023-06-18T13:11:19 EDT" duration-ms="2455" status="PASS">
          <params>
            <param index="0">
              <value>
                <![CDATA[{First Name=Anoop Joseph, Telephone=1234569870, Last Name=Ezhaparampil, Password=Anoop}]]>
              </value>
            </param>
          </params>
          <reporter-output>
          </reporter-output>
        </test-method> <!-- registeringAnAccountWithMandatoryFields -->
        <test-method is-config="true" signature="teardown()[pri:0, instance:com.tutorialsninja.testcases.RegisterTests@37afeb11]" started-at="2023-06-18T13:11:19 EDT" name="teardown" finished-at="2023-06-18T13:11:19 EDT" duration-ms="132" status="PASS">
          <reporter-output>
          </reporter-output>
        </test-method> <!-- teardown -->
        <test-method is-config="true" signature="openBrowserWithUrl()[pri:0, instance:com.tutorialsninja.testcases.RegisterTests@37afeb11]" started-at="2023-06-18T13:11:19 EDT" name="openBrowserWithUrl" finished-at="2023-06-18T13:11:23 EDT" duration-ms="3423" status="PASS">
          <reporter-output>
          </reporter-output>
        </test-method> <!-- openBrowserWithUrl -->
        <test-method signature="registeringAnAccountWithMandatoryFields(java.util.HashMap)[pri:1, instance:com.tutorialsninja.testcases.RegisterTests@37afeb11]" started-at="2023-06-18T13:11:23 EDT" name="registeringAnAccountWithMandatoryFields" data-provider="Register Data" finished-at="2023-06-18T13:11:25 EDT" duration-ms="2085" status="PASS">
          <params>
            <param index="0">
              <value>
                <![CDATA[{First Name=Benjamin Joseph, Telephone=3214569870, Last Name=Benj Palace, Password=Benj}]]>
              </value>
            </param>
          </params>
          <reporter-output>
          </reporter-output>
        </test-method> <!-- registeringAnAccountWithMandatoryFields -->
        <test-method is-config="true" signature="teardown()[pri:0, instance:com.tutorialsninja.testcases.RegisterTests@37afeb11]" started-at="2023-06-18T13:11:25 EDT" name="teardown" finished-at="2023-06-18T13:11:25 EDT" duration-ms="136" status="PASS">
          <reporter-output>
          </reporter-output>
        </test-method> <!-- teardown -->
      </class> <!-- com.tutorialsninja.testcases.RegisterTests -->
    </test> <!-- C:/Users/anoop/IdeaProjects/QAGURU/TutorialsNinjaProject -->
  </suite> <!-- Parallel Test Suite -->
</testng-results>
